#
# There is insufficient memory for the Java Runtime Environment to continue.
# Native memory allocation (malloc) failed to allocate 927056 bytes for Chunk::new
# Possible reasons:
#   The system is out of physical RAM or swap space
#   The process is running with CompressedOops enabled, and the Java Heap may be blocking the growth of the native heap
# Possible solutions:
#   Reduce memory load on the system
#   Increase physical memory or swap space
#   Check if swap backing store is full
#   Decrease Java heap size (-Xmx/-Xms)
#   Decrease number of Java threads
#   Decrease Java thread stack sizes (-Xss)
#   Set larger code cache with -XX:ReservedCodeCacheSize=
#   JVM is running with Unscaled Compressed Oops mode in which the Java heap is
#     placed in the first 4GB address space. The Java Heap base address is the
#     maximum limit for the native heap growth. Please use -XX:HeapBaseMinAddress
#     to set the Java Heap base and to place the Java Heap above 4GB virtual address.
# This output file may be truncated or incomplete.
#
#  Out of Memory Error (allocation.cpp:389), pid=11336, tid=0x0000000000003f14
#
# JRE version: Java(TM) SE Runtime Environment (8.0_241-b07) (build 1.8.0_241-b07)
# Java VM: Java HotSpot(TM) 64-Bit Server VM (25.241-b07 mixed mode windows-amd64 compressed oops)
# Failed to write core dump. Minidumps are not enabled by default on client versions of Windows
#

---------------  T H R E A D  ---------------

Current thread (0x0000000015e4f800):  JavaThread "C2 CompilerThread2" daemon [_thread_in_native, id=16148, stack(0x0000000016920000,0x0000000016a20000)]

Stack: [0x0000000016920000,0x0000000016a20000]
[error occurred during error reporting (printing stack bounds), id 0xc0000005]

Native frames: (J=compiled Java code, j=interpreted, Vv=VM code, C=native code)


Current CompileTask:
C2:  45824 2199       4       java.net.URLClassLoader$1::run (5 bytes)


---------------  P R O C E S S  ---------------

Java Threads: ( => current thread )
  0x00000000175c4800 JavaThread "Cache worker for execution history cache (C:\Users\Lenovo\.gradle\caches\6.2\executionHistory)" [_thread_blocked, id=13964, stack(0x000000001e930000,0x000000001ea30000)]
  0x00000000175c6800 JavaThread "Cache worker for cache directory md-rule (C:\Users\Lenovo\.gradle\caches\6.2\md-rule)" [_thread_blocked, id=5828, stack(0x000000001e630000,0x000000001e730000)]
  0x00000000175c3800 JavaThread "Cache worker for cache directory md-supplier (C:\Users\Lenovo\.gradle\caches\6.2\md-supplier)" [_thread_blocked, id=13348, stack(0x000000001e330000,0x000000001e430000)]
  0x00000000175c3000 JavaThread "Cache worker for file hash cache (E:\React Projects\Catalogue\Catalogue\android\.gradle\6.2\fileHashes)" [_thread_blocked, id=14304, stack(0x000000001cde0000,0x000000001cee0000)]
  0x00000000175c1800 JavaThread "Cache worker for checksums cache (E:\React Projects\Catalogue\Catalogue\android\.gradle\checksums)" [_thread_blocked, id=12488, stack(0x000000001cce0000,0x000000001cde0000)]
  0x00000000175c2000 JavaThread "Cache worker for file hash cache (C:\Users\Lenovo\.gradle\caches\6.2\fileHashes)" [_thread_blocked, id=8740, stack(0x000000001ac40000,0x000000001ad40000)]
  0x00000000175c6000 JavaThread "File lock request listener" [_thread_in_native, id=31684, stack(0x000000001ab40000,0x000000001ac40000)]
  0x00000000175c7800 JavaThread "Cache worker for journal cache (C:\Users\Lenovo\.gradle\caches\journal-1)" [_thread_blocked, id=15120, stack(0x000000001aa40000,0x000000001ab40000)]
  0x0000000015eec000 JavaThread "Thread-9" [_thread_blocked, id=14612, stack(0x0000000019770000,0x0000000019870000)]
  0x0000000015eea800 JavaThread "Stdin handler" [_thread_blocked, id=3460, stack(0x0000000019670000,0x0000000019770000)]
  0x0000000015ee8000 JavaThread "Asynchronous log dispatcher for DefaultDaemonConnection: socket connection from /127.0.0.1:54501 to /127.0.0.1:54502" [_thread_blocked, id=14140, stack(0x0000000019470000,0x0000000019570000)]
  0x0000000016d70000 JavaThread "Daemon worker" [_thread_in_native, id=15128, stack(0x0000000019370000,0x0000000019470000)]
  0x00000000180cd000 JavaThread "Cancel handler" [_thread_blocked, id=10556, stack(0x0000000019270000,0x0000000019370000)]
  0x00000000174ca800 JavaThread "Handler for socket connection from /127.0.0.1:54501 to /127.0.0.1:54502" [_thread_in_native, id=15108, stack(0x0000000018f70000,0x0000000019070000)]
  0x00000000179f2000 JavaThread "Daemon" [_thread_blocked, id=5248, stack(0x0000000018e70000,0x0000000018f70000)]
  0x0000000016077800 JavaThread "Daemon periodic checks" [_thread_blocked, id=15072, stack(0x0000000018d70000,0x0000000018e70000)]
  0x00000000181b0000 JavaThread "Incoming local TCP Connector on port 54501" [_thread_in_native, id=11868, stack(0x0000000018b30000,0x0000000018c30000)]
  0x0000000017547000 JavaThread "Daemon health stats" [_thread_blocked, id=212, stack(0x00000000184f0000,0x00000000185f0000)]
  0x0000000015ea8000 JavaThread "Service Thread" daemon [_thread_blocked, id=14800, stack(0x0000000016b20000,0x0000000016c20000)]
  0x0000000015e5f800 JavaThread "C1 CompilerThread3" daemon [_thread_blocked, id=15396, stack(0x0000000016a20000,0x0000000016b20000)]
=>0x0000000015e4f800 JavaThread "C2 CompilerThread2" daemon [_thread_in_native, id=16148, stack(0x0000000016920000,0x0000000016a20000)]
  0x0000000015e4b800 JavaThread "C2 CompilerThread1" daemon [_thread_in_native, id=18220, stack(0x0000000016820000,0x0000000016920000)]
  0x0000000015e45000 JavaThread "C2 CompilerThread0" daemon [_thread_blocked, id=12652, stack(0x0000000016720000,0x0000000016820000)]
  0x0000000015e43800 JavaThread "Attach Listener" daemon [_thread_blocked, id=12540, stack(0x0000000016620000,0x0000000016720000)]
  0x0000000015e42800 JavaThread "Signal Dispatcher" daemon [_thread_blocked, id=15064, stack(0x0000000016520000,0x0000000016620000)]
  0x0000000015e30800 JavaThread "Finalizer" daemon [_thread_blocked, id=14732, stack(0x0000000016310000,0x0000000016410000)]
  0x000000001402c800 JavaThread "Reference Handler" daemon [_thread_blocked, id=14720, stack(0x0000000016210000,0x0000000016310000)]
  0x00000000026c2800 JavaThread "main" [_thread_blocked, id=2784, stack(0x00000000025a0000,0x00000000026a0000)]

Other Threads:
  0x0000000014029000 VMThread [stack: 0x0000000015d10000,0x0000000015e10000] [id=14728]
  0x0000000015f15000 WatcherThread [stack: 0x0000000016c20000,0x0000000016d20000] [id=5316]

VM state:not at safepoint (normal execution)

VM Mutex/Monitor currently owned by a thread: None

OutOfMemory and StackOverflow Exception counts:
OutOfMemoryError java_heap_errors=2

heap address: 0x00000000e0000000, size: 512 MB, Compressed Oops mode: 32-bit
Narrow klass base: 0x0000000000000000, Narrow klass shift: 3
Compressed class space size: 1073741824 Address: 0x0000000100000000

Heap:
 PSYoungGen      total 76288K, used 59510K [0x00000000f5580000, 0x00000000faa80000, 0x0000000100000000)
  eden space 65536K, 90% used [0x00000000f5580000,0x00000000f8f9d8e0,0x00000000f9580000)
  from space 10752K, 0% used [0x00000000fa000000,0x00000000fa000000,0x00000000faa80000)
  to   space 10752K, 0% used [0x00000000f9580000,0x00000000f9580000,0x00000000fa000000)
 ParOldGen       total 175104K, used 6927K [0x00000000e0000000, 0x00000000eab00000, 0x00000000f5580000)
  object space 175104K, 3% used [0x00000000e0000000,0x00000000e06c3c10,0x00000000eab00000)
 Metaspace       used 27950K, capacity 28650K, committed 28800K, reserved 1073152K
  class space    used 3935K, capacity 4124K, committed 4224K, reserved 1048576K

Card table byte_map: [0x0000000011b80000,0x0000000011c90000] byte_map_base: 0x0000000011480000

Marking Bits: (ParMarkBitMap*) 0x00000000587cbe30
 Begin Bits: [0x0000000012540000, 0x0000000012d40000)
 End Bits:   [0x0000000012d40000, 0x0000000013540000)

Polling page: 0x0000000000860000

CodeCache: size=245760Kb used=7228Kb max_used=7228Kb free=238531Kb
 bounds [0x00000000027c0000, 0x0000000002ee0000, 0x00000000117c0000]
 total_blobs=2548 nmethods=2100 adapters=360
 compilation: enabled

Compilation events (10 events):
Event: 45.732 Thread 0x0000000015e5f800 2261       1       groovy.lang.MetaProperty::getType (5 bytes)
Event: 45.732 Thread 0x0000000015e5f800 nmethod 2261 0x0000000002ec2dd0 code [0x0000000002ec2f20, 0x0000000002ec3030]
Event: 45.732 Thread 0x0000000015e5f800 2262       1       groovy.lang.MetaBeanProperty::getGetter (5 bytes)
Event: 45.732 Thread 0x0000000015e5f800 nmethod 2262 0x0000000002ec2b10 code [0x0000000002ec2c60, 0x0000000002ec2d70]
Event: 45.732 Thread 0x0000000015e5f800 2263       1       groovy.lang.MetaBeanProperty::getField (5 bytes)
Event: 45.732 Thread 0x0000000015e5f800 nmethod 2263 0x0000000002ec2850 code [0x0000000002ec29a0, 0x0000000002ec2ab0]
Event: 45.732 Thread 0x0000000015e5f800 2255       3       java.beans.FeatureDescriptor::getReturnType (21 bytes)
Event: 45.734 Thread 0x0000000015e5f800 nmethod 2255 0x0000000002ec7410 code [0x0000000002ec76a0, 0x0000000002ec87f8]
Event: 45.734 Thread 0x0000000015e5f800 2260       1       java.lang.reflect.Field::getType (5 bytes)
Event: 45.734 Thread 0x0000000015e5f800 nmethod 2260 0x0000000002ec2590 code [0x0000000002ec26e0, 0x0000000002ec27f0]

GC Heap History (10 events):
Event: 5.578 GC heap before
{Heap before GC invocations=1 (full 0):
 PSYoungGen      total 76288K, used 65536K [0x00000000f5580000, 0x00000000faa80000, 0x0000000100000000)
  eden space 65536K, 100% used [0x00000000f5580000,0x00000000f9580000,0x00000000f9580000)
  from space 10752K, 0% used [0x00000000fa000000,0x00000000fa000000,0x00000000faa80000)
  to   space 10752K, 0% used [0x00000000f9580000,0x00000000f9580000,0x00000000fa000000)
 ParOldGen       total 175104K, used 0K [0x00000000e0000000, 0x00000000eab00000, 0x00000000f5580000)
  object space 175104K, 0% used [0x00000000e0000000,0x00000000e0000000,0x00000000eab00000)
 Metaspace       used 7412K, capacity 7670K, committed 7808K, reserved 1056768K
  class space    used 941K, capacity 1045K, committed 1152K, reserved 1048576K
Event: 5.587 GC heap after
Heap after GC invocations=1 (full 0):
 PSYoungGen      total 76288K, used 5771K [0x00000000f5580000, 0x00000000faa80000, 0x0000000100000000)
  eden space 65536K, 0% used [0x00000000f5580000,0x00000000f5580000,0x00000000f9580000)
  from space 10752K, 53% used [0x00000000f9580000,0x00000000f9b22eb0,0x00000000fa000000)
  to   space 10752K, 0% used [0x00000000fa000000,0x00000000fa000000,0x00000000faa80000)
 ParOldGen       total 175104K, used 16K [0x00000000e0000000, 0x00000000eab00000, 0x00000000f5580000)
  object space 175104K, 0% used [0x00000000e0000000,0x00000000e0004000,0x00000000eab00000)
 Metaspace       used 7412K, capacity 7670K, committed 7808K, reserved 1056768K
  class space    used 941K, capacity 1045K, committed 1152K, reserved 1048576K
}
Event: 12.234 GC heap before
{Heap before GC invocations=2 (full 0):
 PSYoungGen      total 76288K, used 71307K [0x00000000f5580000, 0x00000000faa80000, 0x0000000100000000)
  eden space 65536K, 100% used [0x00000000f5580000,0x00000000f9580000,0x00000000f9580000)
  from space 10752K, 53% used [0x00000000f9580000,0x00000000f9b22eb0,0x00000000fa000000)
  to   space 10752K, 0% used [0x00000000fa000000,0x00000000fa000000,0x00000000faa80000)
 ParOldGen       total 175104K, used 16K [0x00000000e0000000, 0x00000000eab00000, 0x00000000f5580000)
  object space 175104K, 0% used [0x00000000e0000000,0x00000000e0004000,0x00000000eab00000)
 Metaspace       used 15155K, capacity 15528K, committed 15616K, reserved 1062912K
  class space    used 2069K, capacity 2228K, committed 2304K, reserved 1048576K
Event: 12.251 GC heap after
Heap after GC invocations=2 (full 0):
 PSYoungGen      total 76288K, used 9713K [0x00000000f5580000, 0x00000000faa80000, 0x0000000100000000)
  eden space 65536K, 0% used [0x00000000f5580000,0x00000000f5580000,0x00000000f9580000)
  from space 10752K, 90% used [0x00000000fa000000,0x00000000fa97c700,0x00000000faa80000)
  to   space 10752K, 0% used [0x00000000f9580000,0x00000000f9580000,0x00000000fa000000)
 ParOldGen       total 175104K, used 24K [0x00000000e0000000, 0x00000000eab00000, 0x00000000f5580000)
  object space 175104K, 0% used [0x00000000e0000000,0x00000000e0006000,0x00000000eab00000)
 Metaspace       used 15155K, capacity 15528K, committed 15616K, reserved 1062912K
  class space    used 2069K, capacity 2228K, committed 2304K, reserved 1048576K
}
Event: 27.159 GC heap before
{Heap before GC invocations=3 (full 0):
 PSYoungGen      total 76288K, used 75249K [0x00000000f5580000, 0x00000000faa80000, 0x0000000100000000)
  eden space 65536K, 100% used [0x00000000f5580000,0x00000000f9580000,0x00000000f9580000)
  from space 10752K, 90% used [0x00000000fa000000,0x00000000fa97c700,0x00000000faa80000)
  to   space 10752K, 0% used [0x00000000f9580000,0x00000000f9580000,0x00000000fa000000)
 ParOldGen       total 175104K, used 24K [0x00000000e0000000, 0x00000000eab00000, 0x00000000f5580000)
  object space 175104K, 0% used [0x00000000e0000000,0x00000000e0006000,0x00000000eab00000)
 Metaspace       used 20265K, capacity 20782K, committed 20992K, reserved 1067008K
  class space    used 2909K, capacity 3051K, committed 3072K, reserved 1048576K
Event: 27.193 GC heap after
Heap after GC invocations=3 (full 0):
 PSYoungGen      total 76288K, used 10736K [0x00000000f5580000, 0x00000000faa80000, 0x0000000100000000)
  eden space 65536K, 0% used [0x00000000f5580000,0x00000000f5580000,0x00000000f9580000)
  from space 10752K, 99% used [0x00000000f9580000,0x00000000f9ffc088,0x00000000fa000000)
  to   space 10752K, 0% used [0x00000000fa000000,0x00000000fa000000,0x00000000faa80000)
 ParOldGen       total 175104K, used 575K [0x00000000e0000000, 0x00000000eab00000, 0x00000000f5580000)
  object space 175104K, 0% used [0x00000000e0000000,0x00000000e008fca0,0x00000000eab00000)
 Metaspace       used 20265K, capacity 20782K, committed 20992K, reserved 1067008K
  class space    used 2909K, capacity 3051K, committed 3072K, reserved 1048576K
}
Event: 31.180 GC heap before
{Heap before GC invocations=4 (full 0):
 PSYoungGen      total 76288K, used 20314K [0x00000000f5580000, 0x00000000faa80000, 0x0000000100000000)
  eden space 65536K, 14% used [0x00000000f5580000,0x00000000f5eda898,0x00000000f9580000)
  from space 10752K, 99% used [0x00000000f9580000,0x00000000f9ffc088,0x00000000fa000000)
  to   space 10752K, 0% used [0x00000000fa000000,0x00000000fa000000,0x00000000faa80000)
 ParOldGen       total 175104K, used 575K [0x00000000e0000000, 0x00000000eab00000, 0x00000000f5580000)
  object space 175104K, 0% used [0x00000000e0000000,0x00000000e008fca0,0x00000000eab00000)
 Metaspace       used 20696K, capacity 21246K, committed 21296K, reserved 1067008K
  class space    used 2982K, capacity 3159K, committed 3200K, reserved 1048576K
Event: 31.197 GC heap after
Heap after GC invocations=4 (full 0):
 PSYoungGen      total 76288K, used 7137K [0x00000000f5580000, 0x00000000faa80000, 0x0000000100000000)
  eden space 65536K, 0% used [0x00000000f5580000,0x00000000f5580000,0x00000000f9580000)
  from space 10752K, 66% used [0x00000000fa000000,0x00000000fa6f8438,0x00000000faa80000)
  to   space 10752K, 0% used [0x00000000f9580000,0x00000000f9580000,0x00000000fa000000)
 ParOldGen       total 175104K, used 583K [0x00000000e0000000, 0x00000000eab00000, 0x00000000f5580000)
  object space 175104K, 0% used [0x00000000e0000000,0x00000000e0091ca0,0x00000000eab00000)
 Metaspace       used 20696K, capacity 21246K, committed 21296K, reserved 1067008K
  class space    used 2982K, capacity 3159K, committed 3200K, reserved 1048576K
}
Event: 31.197 GC heap before
{Heap before GC invocations=5 (full 1):
 PSYoungGen      total 76288K, used 7137K [0x00000000f5580000, 0x00000000faa80000, 0x0000000100000000)
  eden space 65536K, 0% used [0x00000000f5580000,0x00000000f5580000,0x00000000f9580000)
  from space 10752K, 66% used [0x00000000fa000000,0x00000000fa6f8438,0x00000000faa80000)
  to   space 10752K, 0% used [0x00000000f9580000,0x00000000f9580000,0x00000000fa000000)
 ParOldGen       total 175104K, used 583K [0x00000000e0000000, 0x00000000eab00000, 0x00000000f5580000)
  object space 175104K, 0% used [0x00000000e0000000,0x00000000e0091ca0,0x00000000eab00000)
 Metaspace       used 20696K, capacity 21246K, committed 21296K, reserved 1067008K
  class space    used 2982K, capacity 3159K, committed 3200K, reserved 1048576K
Event: 31.662 GC heap after
Heap after GC invocations=5 (full 1):
 PSYoungGen      total 76288K, used 0K [0x00000000f5580000, 0x00000000faa80000, 0x0000000100000000)
  eden space 65536K, 0% used [0x00000000f5580000,0x00000000f5580000,0x00000000f9580000)
  from space 10752K, 0% used [0x00000000fa000000,0x00000000fa000000,0x00000000faa80000)
  to   space 10752K, 0% used [0x00000000f9580000,0x00000000f9580000,0x00000000fa000000)
 ParOldGen       total 175104K, used 6927K [0x00000000e0000000, 0x00000000eab00000, 0x00000000f5580000)
  object space 175104K, 3% used [0x00000000e0000000,0x00000000e06c3c10,0x00000000eab00000)
 Metaspace       used 20696K, capacity 21246K, committed 21296K, reserved 1067008K
  class space    used 2982K, capacity 3159K, committed 3200K, reserved 1048576K
}

Deoptimization events (10 events):
Event: 33.036 Thread 0x0000000016d70000 Uncommon trap: reason=unstable_if action=reinterpret pc=0x0000000002ac61c8 method=java.io.WinNTFileSystem.resolve(Ljava/lang/String;Ljava/lang/String;)Ljava/lang/String; @ 49
Event: 34.604 Thread 0x0000000016d70000 Uncommon trap: reason=unstable_if action=reinterpret pc=0x0000000002af6a30 method=java.util.LinkedHashMap.afterNodeInsertion(Z)V @ 1
Event: 43.679 Thread 0x0000000016d70000 Uncommon trap: reason=unstable_if action=reinterpret pc=0x0000000002c5680c method=java.util.HashMap.putVal(ILjava/lang/Object;Ljava/lang/Object;ZZ)Ljava/lang/Object; @ 162
Event: 45.512 Thread 0x0000000016d70000 Uncommon trap: reason=class_check action=maybe_recompile pc=0x0000000002e25068 method=sun.misc.URLClassPath.getLoader(I)Lsun/misc/URLClassPath$Loader; @ 94
Event: 45.512 Thread 0x0000000016d70000 Uncommon trap: reason=class_check action=maybe_recompile pc=0x0000000002ce5008 method=sun.misc.URLClassPath.getResource(Ljava/lang/String;Z)Lsun/misc/Resource; @ 62
Event: 45.512 Thread 0x0000000016d70000 Uncommon trap: reason=unstable_if action=reinterpret pc=0x0000000002df911c method=java.lang.String.regionMatches(ZILjava/lang/String;II)Z @ 41
Event: 45.521 Thread 0x0000000016d70000 Uncommon trap: reason=unstable_if action=reinterpret pc=0x0000000002ca0918 method=java.lang.ClassLoader.getClassLoadingLock(Ljava/lang/String;)Ljava/lang/Object; @ 6
Event: 45.581 Thread 0x0000000016d70000 Uncommon trap: reason=class_check action=maybe_recompile pc=0x0000000002e25394 method=sun.misc.URLClassPath.getLoader(I)Lsun/misc/URLClassPath$Loader; @ 239
Event: 45.582 Thread 0x0000000016d70000 Uncommon trap: reason=unstable_if action=reinterpret pc=0x00000000028c4cb8 method=java.lang.String.regionMatches(ZILjava/lang/String;II)Z @ 41
Event: 45.605 Thread 0x0000000016d70000 Uncommon trap: reason=class_check action=maybe_recompile pc=0x0000000002e25394 method=sun.misc.URLClassPath.getLoader(I)Lsun/misc/URLClassPath$Loader; @ 239

Classes redefined (0 events):
No events

Internal exceptions (10 events):
Event: 45.598 Thread 0x0000000016d70000 Exception <a 'java/lang/ClassNotFoundException': org/gradle/groovy/scripts/DefaultScriptCustomizer> (0x00000000f87b33e8) thrown at [C:\ade\jenkins\workspace\8-2-build-windows-amd64-cygwin\jdk8u241\331\hotspot\src\share\vm\classfile\systemDictionary.cpp, l
Event: 45.602 Thread 0x0000000016d70000 Exception <a 'java/lang/ClassNotFoundException': org/gradle/plugin/use/internal/PluginsAwareScriptCustomizer> (0x00000000f87f1ca8) thrown at [C:\ade\jenkins\workspace\8-2-build-windows-amd64-cygwin\jdk8u241\331\hotspot\src\share\vm\classfile\systemDiction
Event: 45.604 Thread 0x0000000016d70000 Exception <a 'java/lang/ClassNotFoundException': org/gradle/initialization/SettingsScriptCustomizer> (0x00000000f88119d0) thrown at [C:\ade\jenkins\workspace\8-2-build-windows-amd64-cygwin\jdk8u241\331\hotspot\src\share\vm\classfile\systemDictionary.cpp, 
Event: 45.607 Thread 0x0000000016d70000 Exception <a 'java/lang/ClassNotFoundException': settings_bjgbkt0d0lu9lp2lvvpqskqxaCustomizer> (0x00000000f8826a38) thrown at [C:\ade\jenkins\workspace\8-2-build-windows-amd64-cygwin\jdk8u241\331\hotspot\src\share\vm\classfile\systemDictionary.cpp, line 2
Event: 45.700 Thread 0x0000000016d70000 Exception <a 'java/lang/ClassNotFoundException': org/gradle/initialization/DefaultSettings_DecoratedBeanInfo> (0x00000000f8941808) thrown at [C:\ade\jenkins\workspace\8-2-build-windows-amd64-cygwin\jdk8u241\331\hotspot\src\share\vm\classfile\systemDiction
Event: 45.701 Thread 0x0000000016d70000 Exception <a 'java/lang/ClassNotFoundException': org/gradle/initialization/DefaultSettingsBeanInfo> (0x00000000f896d060) thrown at [C:\ade\jenkins\workspace\8-2-build-windows-amd64-cygwin\jdk8u241\331\hotspot\src\share\vm\classfile\systemDictionary.cpp, l
Event: 45.703 Thread 0x0000000016d70000 Exception <a 'java/lang/ClassNotFoundException': org/gradle/api/internal/project/AbstractPluginAwareBeanInfo> (0x00000000f899f8d8) thrown at [C:\ade\jenkins\workspace\8-2-build-windows-amd64-cygwin\jdk8u241\331\hotspot\src\share\vm\classfile\systemDiction
Event: 45.704 Thread 0x0000000016d70000 Exception <a 'java/lang/ClassNotFoundException': org/gradle/api/internal/project/AbstractPluginAwareCustomizer> (0x00000000f89d2bf8) thrown at [C:\ade\jenkins\workspace\8-2-build-windows-amd64-cygwin\jdk8u241\331\hotspot\src\share\vm\classfile\systemDicti
Event: 45.707 Thread 0x0000000016d70000 Exception <a 'java/lang/ClassNotFoundException': org/gradle/initialization/DefaultSettingsCustomizer> (0x00000000f8a08050) thrown at [C:\ade\jenkins\workspace\8-2-build-windows-amd64-cygwin\jdk8u241\331\hotspot\src\share\vm\classfile\systemDictionary.cpp,
Event: 45.716 Thread 0x0000000016d70000 Exception <a 'java/lang/ClassNotFoundException': org/gradle/initialization/DefaultSettings_DecoratedCustomizer> (0x00000000f8a75f08) thrown at [C:\ade\jenkins\workspace\8-2-build-windows-amd64-cygwin\jdk8u241\331\hotspot\src\share\vm\classfile\systemDicti

Events (10 events):
Event: 45.731 loading class org/codehaus/groovy/runtime/ScriptBytecodeAdapter
Event: 45.731 loading class org/codehaus/groovy/runtime/ScriptBytecodeAdapter done
Event: 45.731 loading class org/codehaus/groovy/runtime/ScriptBytecodeAdapter
Event: 45.731 loading class org/codehaus/groovy/runtime/ScriptBytecodeAdapter done
Event: 45.736 loading class org/codehaus/groovy/runtime/wrappers/Wrapper
Event: 45.736 loading class org/codehaus/groovy/runtime/wrappers/Wrapper done
Event: 45.737 loading class org/codehaus/groovy/runtime/wrappers/PojoWrapper
Event: 45.737 loading class org/codehaus/groovy/runtime/wrappers/PojoWrapper done
Event: 45.738 loading class org/codehaus/groovy/runtime/wrappers/GroovyObjectWrapper
Event: 45.738 loading class org/codehaus/groovy/runtime/wrappers/GroovyObjectWrapper done


Dynamic libraries:
0x00007ff7861e0000 - 0x00007ff786217000 	C:\Program Files\Java\jdk1.8.0_241\bin\java.exe
0x00007ffa56470000 - 0x00007ffa56668000 	C:\WINDOWS\SYSTEM32\ntdll.dll
0x00007ffa54950000 - 0x00007ffa54a0d000 	C:\WINDOWS\System32\KERNEL32.DLL
0x00007ffa53f50000 - 0x00007ffa5421e000 	C:\WINDOWS\System32\KERNELBASE.dll
0x00007ffa54a10000 - 0x00007ffa54abe000 	C:\WINDOWS\System32\ADVAPI32.dll
0x00007ffa54e80000 - 0x00007ffa54f1e000 	C:\WINDOWS\System32\msvcrt.dll
0x00007ffa54b70000 - 0x00007ffa54c0c000 	C:\WINDOWS\System32\sechost.dll
0x00007ffa54820000 - 0x00007ffa54945000 	C:\WINDOWS\System32\RPCRT4.dll
0x00007ffa54c40000 - 0x00007ffa54de0000 	C:\WINDOWS\System32\USER32.dll
0x00007ffa53ef0000 - 0x00007ffa53f12000 	C:\WINDOWS\System32\win32u.dll
0x00007ffa54770000 - 0x00007ffa5479a000 	C:\WINDOWS\System32\GDI32.dll
0x00007ffa543c0000 - 0x00007ffa544cb000 	C:\WINDOWS\System32\gdi32full.dll
0x00007ffa54320000 - 0x00007ffa543bd000 	C:\WINDOWS\System32\msvcp_win.dll
0x00007ffa54220000 - 0x00007ffa54320000 	C:\WINDOWS\System32\ucrtbase.dll
0x00007ffa41830000 - 0x00007ffa41aca000 	C:\WINDOWS\WinSxS\amd64_microsoft.windows.common-controls_6595b64144ccf1df_6.0.19041.1110_none_60b5254171f9507e\COMCTL32.dll
0x00007ffa54c10000 - 0x00007ffa54c40000 	C:\WINDOWS\System32\IMM32.DLL
0x0000000059340000 - 0x0000000059412000 	C:\Program Files\Java\jdk1.8.0_241\jre\bin\msvcr100.dll
0x0000000057fa0000 - 0x000000005884c000 	C:\Program Files\Java\jdk1.8.0_241\jre\bin\server\jvm.dll
0x00007ffa544d0000 - 0x00007ffa544d8000 	C:\WINDOWS\System32\PSAPI.DLL
0x00007ffa4d550000 - 0x00007ffa4d55a000 	C:\WINDOWS\SYSTEM32\VERSION.dll
0x00007ffa417e0000 - 0x00007ffa41807000 	C:\WINDOWS\SYSTEM32\WINMM.dll
0x00007ffa3fae0000 - 0x00007ffa3fae9000 	C:\WINDOWS\SYSTEM32\WSOCK32.dll
0x00007ffa55880000 - 0x00007ffa558eb000 	C:\WINDOWS\System32\WS2_32.dll
0x00007ffa4d980000 - 0x00007ffa4d98f000 	C:\Program Files\Java\jdk1.8.0_241\jre\bin\verify.dll
0x00007ffa46920000 - 0x00007ffa46949000 	C:\Program Files\Java\jdk1.8.0_241\jre\bin\java.dll
0x00007ffa46900000 - 0x00007ffa46916000 	C:\Program Files\Java\jdk1.8.0_241\jre\bin\zip.dll
0x00007ffa55130000 - 0x00007ffa55874000 	C:\WINDOWS\System32\SHELL32.dll
0x00007ffa51c50000 - 0x00007ffa523e4000 	C:\WINDOWS\SYSTEM32\windows.storage.dll
0x00007ffa55fb0000 - 0x00007ffa56304000 	C:\WINDOWS\System32\combase.dll
0x00007ffa53520000 - 0x00007ffa53550000 	C:\WINDOWS\SYSTEM32\Wldp.dll
0x00007ffa55960000 - 0x00007ffa55a0d000 	C:\WINDOWS\System32\SHCORE.dll
0x00007ffa558f0000 - 0x00007ffa55945000 	C:\WINDOWS\System32\shlwapi.dll
0x00007ffa53ad0000 - 0x00007ffa53aef000 	C:\WINDOWS\SYSTEM32\profapi.dll
0x00007ffa468e0000 - 0x00007ffa468fa000 	C:\Program Files\Java\jdk1.8.0_241\jre\bin\net.dll
0x00007ffa53280000 - 0x00007ffa532ea000 	C:\WINDOWS\system32\mswsock.dll
0x00007ffa468c0000 - 0x00007ffa468d2000 	C:\Program Files\Java\jdk1.8.0_241\jre\bin\nio.dll
0x00007ffa37ab0000 - 0x00007ffa37ada000 	C:\Users\Lenovo\.gradle\native\36\windows-amd64\native-platform.dll
0x00007ffa468b0000 - 0x00007ffa468bd000 	C:\Program Files\Java\jdk1.8.0_241\jre\bin\management.dll
0x00007ffa53480000 - 0x00007ffa53498000 	C:\WINDOWS\SYSTEM32\CRYPTSP.dll
0x00007ffa52c00000 - 0x00007ffa52c34000 	C:\WINDOWS\system32\rsaenh.dll
0x00007ffa53f20000 - 0x00007ffa53f47000 	C:\WINDOWS\System32\bcrypt.dll
0x00007ffa53a90000 - 0x00007ffa53abe000 	C:\WINDOWS\SYSTEM32\USERENV.dll
0x00007ffa53b90000 - 0x00007ffa53c12000 	C:\WINDOWS\System32\bcryptprimitives.dll
0x00007ffa53470000 - 0x00007ffa5347c000 	C:\WINDOWS\SYSTEM32\CRYPTBASE.dll
0x00007ffa52f70000 - 0x00007ffa52fab000 	C:\WINDOWS\SYSTEM32\IPHLPAPI.DLL
0x00007ffa55950000 - 0x00007ffa55958000 	C:\WINDOWS\System32\NSI.dll
0x00007ffa4c880000 - 0x00007ffa4c897000 	C:\WINDOWS\SYSTEM32\dhcpcsvc6.DLL
0x00007ffa4d7b0000 - 0x00007ffa4d7cd000 	C:\WINDOWS\SYSTEM32\dhcpcsvc.DLL
0x00007ffa52fb0000 - 0x00007ffa5307b000 	C:\WINDOWS\SYSTEM32\DNSAPI.dll

VM Arguments:
jvm_args: -XX:MaxMetaspaceSize=256m -XX:+HeapDumpOnOutOfMemoryError -Xms256m -Xmx512m -Dfile.encoding=windows-1252 -Duser.country=US -Duser.language=en -Duser.variant 
java_command: org.gradle.launcher.daemon.bootstrap.GradleDaemon 6.2
java_class_path (initial): C:\Users\Lenovo\.gradle\wrapper\dists\gradle-6.2-all\dvufqs6kielxeao781pmk5huj\gradle-6.2\lib\gradle-launcher-6.2.jar
Launcher Type: SUN_STANDARD

Environment Variables:
CLASSPATH=E:\React Projects\Catalogue\Catalogue\android\\gradle\wrapper\gradle-wrapper.jar
PATH=E:\React Projects\Catalogue\Catalogue\android\node_modules\.bin;E:\React Projects\Catalogue\Catalogue\node_modules\.bin;E:\React Projects\Catalogue\node_modules\.bin;E:\React Projects\node_modules\.bin;E:\node_modules\.bin;C:\Program Files\nodejs;E:\React Projects\Catalogue\Catalogue\node_modules\.bin;E:\Ruby26\bin;E:\Ruby23\bin;C:\Ruby23-x64\bin;C:\Ruby23\bin;C:\Program Files (x86)\Common Files\Oracle\Java\javapath;C:\WINDOWS\system32;C:\WINDOWS;C:\WINDOWS\System32\Wbem;C:\WINDOWS\System32\WindowsPowerShell\v1.0\;E:\Ruby26\bin\;C:\Users\Lenovo\AppData\Local\Android\Sdk\platform-tools;C:\Program Files\nodejs\;C:\Program Files\Git\cmd;C:\WINDOWS\System32\OpenSSH\;C:\Program Files\PuTTY\;E:\Ruby26\bin;C:\Ruby27-x64\bin;C:\Users\Lenovo\AppData\Local\Microsoft\WindowsApps;C:\Users\Lenovo\AppData\Local\Yarn\bin;C:\Users\Lenovo\AppData\Local\Android\Sdk\platform-tools;C:\Users\Lenovo\AppData\Roaming\npm;C:\Users\Lenovo\AppData\Local\Programs\Microsoft VS Code\bin
USERNAME=Lenovo
OS=Windows_NT
PROCESSOR_IDENTIFIER=Intel64 Family 6 Model 42 Stepping 7, GenuineIntel



---------------  S Y S T E M  ---------------

OS: Windows 10.0 , 64 bit Build 19041 (10.0.19041.1806)

CPU:total 8 (initial active 8) (4 cores per cpu, 2 threads per core) family 6 model 42 stepping 7, cmov, cx8, fxsr, mmx, sse, sse2, sse3, ssse3, sse4.1, sse4.2, popcnt, avx, aes, clmul, ht, tsc, tscinvbit

Memory: 4k page, physical 4106380k(249668k free), swap 14061152k(536k free)

vm_info: Java HotSpot(TM) 64-Bit Server VM (25.241-b07) for windows-amd64 JRE (1.8.0_241-b07), built on Dec 11 2019 10:21:40 by "rejava" with MS VC++ 10.0 (VS2010)

time: Thu Aug 11 17:48:05 2022
timezone: India Standard Time
elapsed time: 45 seconds (0d 0h 0m 45s)

